<?xml version="1.0" encoding="UTF-8"?>
<!-- Generated by org.testng.reporters.JUnitReportReporter -->
<testsuite hostname="DESKTOP-LEA4EKC" failures="0" tests="2" name="com.sim.TestNG.AnnotationsTest2" time="0.005" errors="0" timestamp="2021-02-16T18:54:10 PST" skipped="0">
  <testcase classname="com.sim.TestNG.AnnotationsTest2" name="testMethod3" time="0.001"/>
  <system-out/>
  <testcase classname="com.sim.TestNG.AnnotationsTest2" name="testMethod4" time="0.004"/>
  <system-out/>
</testsuite> <!-- com.sim.TestNG.AnnotationsTest2 -->
