<?xml version="1.0" encoding="UTF-8"?>
<!-- Generated by org.testng.reporters.JUnitReportReporter -->
<testsuite hostname="DESKTOP-LEA4EKC" failures="0" tests="1" name="com.sim.TestNG.SampleTestNGTest" time="0.054" errors="0" timestamp="2021-02-11T11:12:11 PST" skipped="0">
  <testcase classname="com.sim.TestNG.SampleTestNGTest" name="verifyHomePageTitle" time="0.054"/>
  <system-out/>
</testsuite> <!-- com.sim.TestNG.SampleTestNGTest -->
