<?xml version="1.0" encoding="UTF-8"?>
<!-- Generated by org.testng.reporters.JUnitReportReporter -->
<testsuite hostname="DESKTOP-LEA4EKC" failures="0" tests="4" name="com.sim.TestNG.MultipleTestNG" time="0.019" errors="0" timestamp="2021-02-16T19:00:01 PST" skipped="0">
  <testcase classname="com.sim.TestNG.MultipleTestNG" name="appLaunch" time="0.004"/>
  <system-out/>
  <testcase classname="com.sim.TestNG.MultipleTestNG" name="appClose" time="0.009"/>
  <system-out/>
  <testcase classname="com.sim.TestNG.MultipleTestNG" name="appLogin" time="0.005"/>
  <system-out/>
  <testcase classname="com.sim.TestNG.MultipleTestNG" name="appLogout" time="0.001"/>
  <system-out/>
</testsuite> <!-- com.sim.TestNG.MultipleTestNG -->
