<?xml version="1.0" encoding="UTF-8"?>
<!-- Generated by org.testng.reporters.JUnitReportReporter -->
<testsuite hostname="DESKTOP-LEA4EKC" failures="0" tests="1" name="com.sim.TestNG.FirstTestNGTest" time="0.010" errors="0" timestamp="2021-02-16T14:53:17 PST" skipped="0">
  <testcase classname="com.sim.TestNG.FirstTestNGTest" name="sample" time="0.010"/>
  <system-out/>
</testsuite> <!-- com.sim.TestNG.FirstTestNGTest -->
