<?xml version="1.0" encoding="UTF-8"?>
<!-- Generated by org.testng.reporters.JUnitReportReporter -->
<testsuite hostname="DESKTOP-LEA4EKC" failures="0" tests="2" name="com.sim.TestNG.AnnotationsTest1" time="0.009" errors="0" timestamp="2021-02-16T18:54:10 PST" skipped="0">
  <testcase classname="com.sim.TestNG.AnnotationsTest1" name="testMethod2" time="0.002"/>
  <system-out/>
  <testcase classname="com.sim.TestNG.AnnotationsTest1" name="testMethod1" time="0.007"/>
  <system-out/>
</testsuite> <!-- com.sim.TestNG.AnnotationsTest1 -->
