<?xml version="1.0" encoding="UTF-8"?>
<!-- Generated by org.testng.reporters.JUnitReportReporter -->
<testsuite hostname="vasu-PC" name="com.sim.testng.AdminLoginTest" tests="1" failures="0" timestamp="18 Feb 2021 03:13:30 GMT" time="11.883" errors="0">
  <testcase name="adminLogin" time="11.883" classname="com.sim.testng.AdminLoginTest"/>
</testsuite> <!-- com.sim.testng.AdminLoginTest -->
