<?xml version="1.0" encoding="UTF-8"?>
<!-- Generated by org.testng.reporters.JUnitReportReporter -->
<testsuite hostname="vasu-PC" name="com.sim.testng.MultipleTestNG" tests="3" failures="0" timestamp="16 Feb 2021 03:54:41 GMT" time="0.057" errors="0">
  <testcase name="appLogout" time="0.002" classname="com.sim.testng.MultipleTestNG"/>
  <testcase name="appClose" time="0.052" classname="com.sim.testng.MultipleTestNG"/>
  <testcase name="appLogin" time="0.003" classname="com.sim.testng.MultipleTestNG"/>
</testsuite> <!-- com.sim.testng.MultipleTestNG -->
