<?xml version="1.0" encoding="UTF-8"?>
<!-- Generated by org.testng.reporters.JUnitReportReporter -->
<testsuite hostname="vasu-PC" name="com.sim.testng.ParameterizationTest" tests="2" failures="0" timestamp="18 Feb 2021 03:36:55 GMT" time="0.039" errors="0">
  <testcase name="login" time="0.002" classname="com.sim.testng.ParameterizationTest"/>
  <testcase name="login" time="0.037" classname="com.sim.testng.ParameterizationTest"/>
</testsuite> <!-- com.sim.testng.ParameterizationTest -->
