<?xml version="1.0" encoding="UTF-8"?>
<!-- Generated by org.testng.reporters.JUnitReportReporter -->
<testsuite hostname="vasu-PC" name="com.sim.testng.BranchCreationTest" tests="2" failures="0" timestamp="18 Feb 2021 03:40:26 GMT" time="47.798" errors="0">
  <testcase name="branchCreation" time="23.477" classname="com.sim.testng.BranchCreationTest"/>
  <testcase name="branchCreation" time="24.321" classname="com.sim.testng.BranchCreationTest"/>
</testsuite> <!-- com.sim.testng.BranchCreationTest -->
