<?xml version="1.0" encoding="UTF-8"?>
<!-- Generated by org.testng.reporters.JUnitReportReporter -->
<testsuite hostname="vasu-PC" name="com.sim.testng.FirstTestNG" tests="1" failures="0" timestamp="16 Feb 2021 03:15:11 GMT" time="0.073" errors="0">
  <testcase name="sample" time="0.073" classname="com.sim.testng.FirstTestNG"/>
</testsuite> <!-- com.sim.testng.FirstTestNG -->
